Erreur survenue le 25 octobre 2012
  System.Web.HttpUnhandledException (0x80004005): Une exception de type 'System.Web.HttpUnhandledException' a été levée. ---> System.Data.UpdateException: Une erreur s'est produite lors de la mise à jour des entrées. Pour plus d'informations, consultez l'exception interne. ---> System.Data.SqlClient.SqlException: Cannot insert explicit value for identity column in table 'Paiement' when IDENTITY_INSERT is set to OFF.
   à System.Data.SqlClient.SqlConnection.OnError(SqlException exception, Boolean breakConnection)
   à System.Data.SqlClient.SqlInternalConnection.OnError(SqlException exception, Boolean breakConnection)
   à System.Data.SqlClient.TdsParser.ThrowExceptionAndWarning()
   à System.Data.SqlClient.TdsParser.Run(RunBehavior runBehavior, SqlCommand cmdHandler, SqlDataReader dataStream, BulkCopySimpleResultSet bulkCopyHandler, TdsParserStateObject stateObj)
   à System.Data.SqlClient.SqlCommand.FinishExecuteReader(SqlDataReader ds, RunBehavior runBehavior, String resetOptionsString)
   à System.Data.SqlClient.SqlCommand.RunExecuteReaderTds(CommandBehavior cmdBehavior, RunBehavior runBehavior, Boolean returnStream, Boolean async)
   à System.Data.SqlClient.SqlCommand.RunExecuteReader(CommandBehavior cmdBehavior, RunBehavior runBehavior, Boolean returnStream, String method, DbAsyncResult result)
   à System.Data.SqlClient.SqlCommand.InternalExecuteNonQuery(DbAsyncResult result, String methodName, Boolean sendToPipe)
   à System.Data.SqlClient.SqlCommand.ExecuteNonQuery()
   à System.Data.Mapping.Update.Internal.DynamicUpdateCommand.Execute(UpdateTranslator translator, EntityConnection connection, Dictionary`2 identifierValues, List`1 generatedValues)
   à System.Data.Mapping.Update.Internal.UpdateTranslator.Update(IEntityStateManager stateManager, IEntityAdapter adapter)
   --- Fin de la trace de la pile d'exception interne ---
   à System.Data.Mapping.Update.Internal.UpdateTranslator.Update(IEntityStateManager stateManager, IEntityAdapter adapter)
   à System.Data.EntityClient.EntityAdapter.Update(IEntityStateManager entityCache)
   à System.Data.Objects.ObjectContext.SaveChanges(SaveOptions options)
   à System.Data.Objects.ObjectContext.SaveChanges()
   à coursDefault.lviewGroupes_ItemCommand(Object sender, ListViewCommandEventArgs e) dans C:\Users\Katherine\Documents\A2012\Projet I\Projet-1\cours\coursDefault.aspx.vb:ligne 92
   à System.Web.UI.WebControls.ListView.OnItemCommand(ListViewCommandEventArgs e)
   à System.Web.UI.WebControls.ListView.HandleEvent(EventArgs e, Boolean causesValidation, String validationGroup)
   à System.Web.UI.WebControls.ListView.OnBubbleEvent(Object source, EventArgs e)
   à System.Web.UI.Control.RaiseBubbleEvent(Object source, EventArgs args)
   à System.Web.UI.WebControls.ListViewDataItem.OnBubbleEvent(Object source, EventArgs e)
   à System.Web.UI.Control.RaiseBubbleEvent(Object source, EventArgs args)
   à System.Web.UI.WebControls.Button.OnCommand(CommandEventArgs e)
   à System.Web.UI.WebControls.Button.RaisePostBackEvent(String eventArgument)
   à System.Web.UI.WebControls.Button.System.Web.UI.IPostBackEventHandler.RaisePostBackEvent(String eventArgument)
   à System.Web.UI.Page.RaisePostBackEvent(IPostBackEventHandler sourceControl, String eventArgument)
   à System.Web.UI.Page.RaisePostBackEvent(NameValueCollection postData)
   à System.Web.UI.Page.ProcessRequestMain(Boolean includeStagesBeforeAsyncPoint, Boolean includeStagesAfterAsyncPoint)
   à System.Web.UI.Page.HandleError(Exception e)
   à System.Web.UI.Page.ProcessRequestMain(Boolean includeStagesBeforeAsyncPoint, Boolean includeStagesAfterAsyncPoint)
   à System.Web.UI.Page.ProcessRequest(Boolean includeStagesBeforeAsyncPoint, Boolean includeStagesAfterAsyncPoint)
   à System.Web.UI.Page.ProcessRequest()
   à System.Web.UI.Page.ProcessRequestWithNoAssert(HttpContext context)
   à System.Web.UI.Page.ProcessRequest(HttpContext context)
   à ASP.cours_coursdefault_aspx.ProcessRequest(HttpContext context)
   à System.Web.HttpApplication.CallHandlerExecutionStep.System.Web.HttpApplication.IExecutionStep.Execute()
   à System.Web.HttpApplication.ExecuteStep(IExecutionStep step, Boolean& completedSynchronously)

Erreur survenue le 26 octobre 2012
  System.Web.HttpUnhandledException (0x80004005): Une exception de type 'System.Web.HttpUnhandledException' a été levée. ---> System.Data.UpdateException: Une erreur s'est produite lors de la mise à jour des entrées. Pour plus d'informations, consultez l'exception interne. ---> System.Data.SqlClient.SqlException: The DELETE statement conflicted with the REFERENCE constraint "FK_GroupeCours". The conflict occurred in database "ProjetRegulier2012_05", table "dbo.Groupe", column 'Cours_noCours'.
The statement has been terminated.
   à System.Data.SqlClient.SqlConnection.OnError(SqlException exception, Boolean breakConnection)
   à System.Data.SqlClient.SqlInternalConnection.OnError(SqlException exception, Boolean breakConnection)
   à System.Data.SqlClient.TdsParser.ThrowExceptionAndWarning()
   à System.Data.SqlClient.TdsParser.Run(RunBehavior runBehavior, SqlCommand cmdHandler, SqlDataReader dataStream, BulkCopySimpleResultSet bulkCopyHandler, TdsParserStateObject stateObj)
   à System.Data.SqlClient.SqlCommand.FinishExecuteReader(SqlDataReader ds, RunBehavior runBehavior, String resetOptionsString)
   à System.Data.SqlClient.SqlCommand.RunExecuteReaderTds(CommandBehavior cmdBehavior, RunBehavior runBehavior, Boolean returnStream, Boolean async)
   à System.Data.SqlClient.SqlCommand.RunExecuteReader(CommandBehavior cmdBehavior, RunBehavior runBehavior, Boolean returnStream, String method, DbAsyncResult result)
   à System.Data.SqlClient.SqlCommand.InternalExecuteNonQuery(DbAsyncResult result, String methodName, Boolean sendToPipe)
   à System.Data.SqlClient.SqlCommand.ExecuteNonQuery()
   à System.Data.Mapping.Update.Internal.DynamicUpdateCommand.Execute(UpdateTranslator translator, EntityConnection connection, Dictionary`2 identifierValues, List`1 generatedValues)
   à System.Data.Mapping.Update.Internal.UpdateTranslator.Update(IEntityStateManager stateManager, IEntityAdapter adapter)
   --- Fin de la trace de la pile d'exception interne ---
   à System.Data.Mapping.Update.Internal.UpdateTranslator.Update(IEntityStateManager stateManager, IEntityAdapter adapter)
   à System.Data.EntityClient.EntityAdapter.Update(IEntityStateManager entityCache)
   à System.Data.Objects.ObjectContext.SaveChanges(SaveOptions options)
   à System.Data.Objects.ObjectContext.SaveChanges()
   à Admin_GérerLesCours.lViewCours_ItemCommand(Object sender, ListViewCommandEventArgs e) dans C:\Users\Katherine\Documents\A2012\Projet I\Projet-1\Admin\GérerLesCours.aspx.vb:ligne 284
   à System.Web.UI.WebControls.ListView.OnItemCommand(ListViewCommandEventArgs e)
   à System.Web.UI.WebControls.ListView.HandleEvent(EventArgs e, Boolean causesValidation, String validationGroup)
   à System.Web.UI.WebControls.ListView.OnBubbleEvent(Object source, EventArgs e)
   à System.Web.UI.Control.RaiseBubbleEvent(Object source, EventArgs args)
   à System.Web.UI.WebControls.ListViewContainer.OnBubbleEvent(Object source, EventArgs e)
   à System.Web.UI.Control.RaiseBubbleEvent(Object source, EventArgs args)
   à System.Web.UI.WebControls.ListViewDataItem.OnBubbleEvent(Object source, EventArgs e)
   à System.Web.UI.Control.RaiseBubbleEvent(Object source, EventArgs args)
   à System.Web.UI.WebControls.Button.OnCommand(CommandEventArgs e)
   à System.Web.UI.WebControls.Button.RaisePostBackEvent(String eventArgument)
   à System.Web.UI.WebControls.Button.System.Web.UI.IPostBackEventHandler.RaisePostBackEvent(String eventArgument)
   à System.Web.UI.Page.RaisePostBackEvent(IPostBackEventHandler sourceControl, String eventArgument)
   à System.Web.UI.Page.RaisePostBackEvent(NameValueCollection postData)
   à System.Web.UI.Page.ProcessRequestMain(Boolean includeStagesBeforeAsyncPoint, Boolean includeStagesAfterAsyncPoint)
   à System.Web.UI.Page.HandleError(Exception e)
   à System.Web.UI.Page.ProcessRequestMain(Boolean includeStagesBeforeAsyncPoint, Boolean includeStagesAfterAsyncPoint)
   à System.Web.UI.Page.ProcessRequest(Boolean includeStagesBeforeAsyncPoint, Boolean includeStagesAfterAsyncPoint)
   à System.Web.UI.Page.ProcessRequest()
   à System.Web.UI.Page.ProcessRequestWithNoAssert(HttpContext context)
   à System.Web.UI.Page.ProcessRequest(HttpContext context)
   à ASP.admin_gérerlescours_aspx.ProcessRequest(HttpContext context)
   à System.Web.HttpApplication.CallHandlerExecutionStep.System.Web.HttpApplication.IExecutionStep.Execute()
   à System.Web.HttpApplication.ExecuteStep(IExecutionStep step, Boolean& completedSynchronously)

Erreur survenue le 26 octobre 2012
  System.Web.HttpParseException (0x80004005): Animation OnShowing for TargetControlID="btnSupprimer" can only have one child node. ---> System.ArgumentException: Animation OnShowing for TargetControlID="btnSupprimer" can only have one child node.
   à AjaxControlToolkit.Animation.Parse(String value, ExtenderControl extenderControl)
   à AjaxControlToolkit.AnimationExtenderControlBase.set_Animations(String value)
   à ASP.admin_gérerlescours_aspx.__BuildControl__control16() dans C:\Users\Katherine\Documents\A2012\Projet I\Projet-1\Admin\GérerLesCours.aspx:ligne 41
   à ASP.admin_gérerlescours_aspx.__BuildControl__control9(Control __ctrl) dans C:\Users\Katherine\Documents\A2012\Projet I\Projet-1\Admin\GérerLesCours.aspx:ligne 16
   à System.Web.UI.CompiledBindableTemplateBuilder.InstantiateIn(Control container)
   à System.Web.UI.WebControls.ListView.InstantiateItemTemplate(Control container, Int32 displayIndex)
   à System.Web.UI.WebControls.ListView.CreateItemsInGroups(ListViewPagedDataSource dataSource, Boolean dataBinding, InsertItemPosition insertPosition, ArrayList keyArray)
   à System.Web.UI.WebControls.ListView.CreateChildControls(IEnumerable dataSource, Boolean dataBinding)
   à System.Web.UI.WebControls.ListView.PerformDataBinding(IEnumerable data)
   à System.Web.UI.WebControls.DataBoundControl.OnDataSourceViewSelectCallback(IEnumerable data)
   à System.Web.UI.DataSourceView.Select(DataSourceSelectArguments arguments, DataSourceViewSelectCallback callback)
   à System.Web.UI.WebControls.DataBoundControl.PerformSelect()
   à System.Web.UI.WebControls.ListView.PerformSelect()
   à System.Web.UI.WebControls.BaseDataBoundControl.DataBind()
   à System.Web.UI.WebControls.BaseDataBoundControl.EnsureDataBound()
   à System.Web.UI.WebControls.ListView.CreateChildControls()
   à System.Web.UI.Control.EnsureChildControls()
   à System.Web.UI.Control.PreRenderRecursiveInternal()
   à System.Web.UI.Control.PreRenderRecursiveInternal()
   à System.Web.UI.Control.PreRenderRecursiveInternal()
   à System.Web.UI.Control.PreRenderRecursiveInternal()
   à System.Web.UI.Control.PreRenderRecursiveInternal()
   à System.Web.UI.Control.PreRenderRecursiveInternal()
   à System.Web.UI.Control.PreRenderRecursiveInternal()
   à System.Web.UI.Page.ProcessRequestMain(Boolean includeStagesBeforeAsyncPoint, Boolean includeStagesAfterAsyncPoint)
   à System.Web.UI.Page.ProcessRequest(Boolean includeStagesBeforeAsyncPoint, Boolean includeStagesAfterAsyncPoint)
   à System.Web.UI.Page.ProcessRequest()
   à System.Web.UI.Page.ProcessRequestWithNoAssert(HttpContext context)
   à System.Web.UI.Page.ProcessRequest(HttpContext context)
   à ASP.admin_gérerlescours_aspx.ProcessRequest(HttpContext context)
   à System.Web.HttpApplication.CallHandlerExecutionStep.System.Web.HttpApplication.IExecutionStep.Execute()
   à System.Web.HttpApplication.ExecuteStep(IExecutionStep step, Boolean& completedSynchronously)

